<?xml version="1.0" encoding="UTF-8"?>
<testsuite xmlns:xsi="http://www.w3.org/2001/XMLSchema-instance" xsi:noNamespaceSchemaLocation="https://maven.apache.org/surefire/maven-surefire-plugin/xsd/surefire-test-report.xsd" name="at.ac.fhstp.AppTest" time="0.712" tests="3" errors="0" skipped="0" failures="0">
  <properties>
[...]
</properties>
  <testcase name="exceptionTesting" classname="at.ac.fhstp.AppTest" time="0.018"/>
  <testcase name="ExceptionThrown" classname="at.ac.fhstp.AppTest" time="0.001"/>
  <testcase name="checkAPIKey_checkAPI" classname="at.ac.fhstp.AppTest" time="0.687"/>
</testsuite>